<?xml version="1.0" encoding="UTF-8"?>
<testng-results skipped="0" failed="0" total="1" passed="1">
  <reporter-output>
  </reporter-output>
  <suite name="Default suite" duration-ms="10040" started-at="2014-02-24T15:59:03Z" finished-at="2014-02-24T15:59:13Z">
    <groups>
    </groups>
    <test name="Default test" duration-ms="10040" started-at="2014-02-24T15:59:03Z" finished-at="2014-02-24T15:59:13Z">
      <class name="abril.test.automated.test.Tests">
        <test-method status="PASS" signature="Test1()[pri:0, instance:abril.test.automated.test.Tests@2ea5891]" name="Test1" duration-ms="9690" started-at="2014-02-24T12:59:03Z" finished-at="2014-02-24T12:59:13Z">
          <reporter-output>
          </reporter-output>
        </test-method> <!-- Test1 -->
      </class> <!-- abril.test.automated.test.Tests -->
    </test> <!-- Default test -->
  </suite> <!-- Default suite -->
</testng-results>
